{"/Users/mauriceokumu/Desktop/gameofcars/backend/validation/is-empty.js": {"path":"/Users/mauriceokumu/Desktop/gameofcars/backend/validation/is-empty.js","statementMap":{"0":{"start":{"line":1,"column":15},"end":{"line":8,"column":1}},"1":{"start":{"line":2,"column":2},"end":{"line":7,"column":4}},"2":{"start":{"line":10,"column":0},"end":{"line":10,"column":25}}},"fnMap":{"0":{"name":"(anonymous_0)","decl":{"start":{"line":1,"column":15},"end":{"line":1,"column":16}},"loc":{"start":{"line":1,"column":26},"end":{"line":8,"column":1}},"line":1}},"branchMap":{"0":{"loc":{"start":{"line":3,"column":6},"end":{"line":6,"column":62}},"type":"binary-expr","locations":[{"start":{"line":3,"column":6},"end":{"line":3,"column":25}},{"start":{"line":4,"column":6},"end":{"line":4,"column":20}},{"start":{"line":5,"column":7},"end":{"line":5,"column":32}},{"start":{"line":5,"column":36},"end":{"line":5,"column":67}},{"start":{"line":6,"column":7},"end":{"line":6,"column":32}},{"start":{"line":6,"column":36},"end":{"line":6,"column":61}}],"line":3}},"s":{"0":1,"1":1,"2":1},"f":{"0":1},"b":{"0":[1,1,1,1,1,0]},"_coverageSchema":"43e27e138ebf9cfc5966b082cf9a028302ed4184","hash":"f9d18f1346cf1cc1da9d369265108f02df41edfd"}
,"/Users/mauriceokumu/Desktop/gameofcars/src/actions/authentication.js": {"path":"/Users/mauriceokumu/Desktop/gameofcars/src/actions/authentication.js","statementMap":{"0":{"start":{"line":6,"column":28},"end":{"line":16,"column":1}},"1":{"start":{"line":6,"column":47},"end":{"line":16,"column":1}},"2":{"start":{"line":7,"column":4},"end":{"line":15,"column":6}},"3":{"start":{"line":8,"column":17},"end":{"line":8,"column":39}},"4":{"start":{"line":10,"column":8},"end":{"line":10,"column":54}},"5":{"start":{"line":11,"column":8},"end":{"line":14,"column":10}},"6":{"start":{"line":18,"column":25},"end":{"line":34,"column":1}},"7":{"start":{"line":18,"column":35},"end":{"line":34,"column":1}},"8":{"start":{"line":19,"column":4},"end":{"line":33,"column":6}},"9":{"start":{"line":21,"column":26},"end":{"line":21,"column":34}},"10":{"start":{"line":22,"column":8},"end":{"line":22,"column":48}},"11":{"start":{"line":23,"column":8},"end":{"line":23,"column":28}},"12":{"start":{"line":25,"column":24},"end":{"line":25,"column":41}},"13":{"start":{"line":26,"column":8},"end":{"line":26,"column":41}},"14":{"start":{"line":29,"column":8},"end":{"line":32,"column":10}},"15":{"start":{"line":36,"column":30},"end":{"line":41,"column":1}},"16":{"start":{"line":37,"column":4},"end":{"line":40,"column":5}},"17":{"start":{"line":43,"column":26},"end":{"line":48,"column":1}},"18":{"start":{"line":43,"column":39},"end":{"line":48,"column":1}},"19":{"start":{"line":44,"column":4},"end":{"line":44,"column":40}},"20":{"start":{"line":45,"column":4},"end":{"line":45,"column":24}},"21":{"start":{"line":46,"column":4},"end":{"line":46,"column":32}},"22":{"start":{"line":47,"column":4},"end":{"line":47,"column":27}}},"fnMap":{"0":{"name":"(anonymous_0)","decl":{"start":{"line":6,"column":28},"end":{"line":6,"column":29}},"loc":{"start":{"line":6,"column":47},"end":{"line":16,"column":1}},"line":6},"1":{"name":"(anonymous_1)","decl":{"start":{"line":6,"column":47},"end":{"line":6,"column":48}},"loc":{"start":{"line":6,"column":59},"end":{"line":16,"column":1}},"line":6},"2":{"name":"(anonymous_2)","decl":{"start":{"line":8,"column":10},"end":{"line":8,"column":11}},"loc":{"start":{"line":8,"column":17},"end":{"line":8,"column":39}},"line":8},"3":{"name":"(anonymous_3)","decl":{"start":{"line":9,"column":11},"end":{"line":9,"column":12}},"loc":{"start":{"line":9,"column":18},"end":{"line":15,"column":5}},"line":9},"4":{"name":"(anonymous_4)","decl":{"start":{"line":18,"column":25},"end":{"line":18,"column":26}},"loc":{"start":{"line":18,"column":35},"end":{"line":34,"column":1}},"line":18},"5":{"name":"(anonymous_5)","decl":{"start":{"line":18,"column":35},"end":{"line":18,"column":36}},"loc":{"start":{"line":18,"column":47},"end":{"line":34,"column":1}},"line":18},"6":{"name":"(anonymous_6)","decl":{"start":{"line":20,"column":10},"end":{"line":20,"column":11}},"loc":{"start":{"line":20,"column":17},"end":{"line":27,"column":5}},"line":20},"7":{"name":"(anonymous_7)","decl":{"start":{"line":28,"column":11},"end":{"line":28,"column":12}},"loc":{"start":{"line":28,"column":18},"end":{"line":33,"column":5}},"line":28},"8":{"name":"(anonymous_8)","decl":{"start":{"line":36,"column":30},"end":{"line":36,"column":31}},"loc":{"start":{"line":36,"column":41},"end":{"line":41,"column":1}},"line":36},"9":{"name":"(anonymous_9)","decl":{"start":{"line":43,"column":26},"end":{"line":43,"column":27}},"loc":{"start":{"line":43,"column":39},"end":{"line":48,"column":1}},"line":43},"10":{"name":"(anonymous_10)","decl":{"start":{"line":43,"column":39},"end":{"line":43,"column":40}},"loc":{"start":{"line":43,"column":51},"end":{"line":48,"column":1}},"line":43}},"branchMap":{},"s":{"0":2,"1":0,"2":0,"3":0,"4":0,"5":0,"6":2,"7":0,"8":0,"9":0,"10":0,"11":0,"12":0,"13":0,"14":0,"15":2,"16":0,"17":2,"18":0,"19":0,"20":0,"21":0,"22":0},"f":{"0":0,"1":0,"2":0,"3":0,"4":0,"5":0,"6":0,"7":0,"8":0,"9":0,"10":0},"b":{},"_coverageSchema":"43e27e138ebf9cfc5966b082cf9a028302ed4184","hash":"f37121443d3db8a6d61a8fc71591a41b06607e92"}
,"/Users/mauriceokumu/Desktop/gameofcars/src/authToken/setAuthToken.js": {"path":"/Users/mauriceokumu/Desktop/gameofcars/src/authToken/setAuthToken.js","statementMap":{"0":{"start":{"line":3,"column":21},"end":{"line":9,"column":1}},"1":{"start":{"line":4,"column":4},"end":{"line":8,"column":5}},"2":{"start":{"line":5,"column":8},"end":{"line":5,"column":63}},"3":{"start":{"line":7,"column":8},"end":{"line":7,"column":61}}},"fnMap":{"0":{"name":"(anonymous_0)","decl":{"start":{"line":3,"column":21},"end":{"line":3,"column":22}},"loc":{"start":{"line":3,"column":30},"end":{"line":9,"column":1}},"line":3}},"branchMap":{"0":{"loc":{"start":{"line":4,"column":4},"end":{"line":8,"column":5}},"type":"if","locations":[{"start":{"line":4,"column":4},"end":{"line":8,"column":5}},{"start":{"line":4,"column":4},"end":{"line":8,"column":5}}],"line":4}},"s":{"0":2,"1":0,"2":0,"3":0},"f":{"0":0},"b":{"0":[0,0]},"_coverageSchema":"43e27e138ebf9cfc5966b082cf9a028302ed4184","hash":"f3c0399135687906697e14fe71903432f7bfd3d3"}
,"/Users/mauriceokumu/Desktop/gameofcars/src/components/app.js": {"path":"/Users/mauriceokumu/Desktop/gameofcars/src/components/app.js","statementMap":{"0":{"start":{"line":9,"column":8},"end":{"line":9,"column":16}},"1":{"start":{"line":10,"column":8},"end":{"line":12,"column":9}},"2":{"start":{"line":15,"column":8},"end":{"line":15,"column":29}},"3":{"start":{"line":19,"column":8},"end":{"line":22,"column":13}},"4":{"start":{"line":21,"column":12},"end":{"line":21,"column":44}},"5":{"start":{"line":25,"column":24},"end":{"line":25,"column":34}},"6":{"start":{"line":26,"column":22},"end":{"line":26,"column":37}},"7":{"start":{"line":27,"column":23},"end":{"line":27,"column":78}},"8":{"start":{"line":27,"column":47},"end":{"line":27,"column":77}},"9":{"start":{"line":28,"column":9},"end":{"line":39,"column":11}},"10":{"start":{"line":43,"column":24},"end":{"line":45,"column":2}},"11":{"start":{"line":43,"column":34},"end":{"line":45,"column":1}}},"fnMap":{"0":{"name":"(anonymous_0)","decl":{"start":{"line":8,"column":4},"end":{"line":8,"column":5}},"loc":{"start":{"line":8,"column":18},"end":{"line":13,"column":5}},"line":8},"1":{"name":"(anonymous_1)","decl":{"start":{"line":14,"column":4},"end":{"line":14,"column":5}},"loc":{"start":{"line":14,"column":24},"end":{"line":17,"column":5}},"line":14},"2":{"name":"(anonymous_2)","decl":{"start":{"line":18,"column":4},"end":{"line":18,"column":5}},"loc":{"start":{"line":18,"column":23},"end":{"line":23,"column":5}},"line":18},"3":{"name":"(anonymous_3)","decl":{"start":{"line":20,"column":14},"end":{"line":20,"column":15}},"loc":{"start":{"line":20,"column":22},"end":{"line":22,"column":12}},"line":20},"4":{"name":"(anonymous_4)","decl":{"start":{"line":24,"column":4},"end":{"line":24,"column":5}},"loc":{"start":{"line":24,"column":13},"end":{"line":40,"column":5}},"line":24},"5":{"name":"(anonymous_5)","decl":{"start":{"line":27,"column":32},"end":{"line":27,"column":33}},"loc":{"start":{"line":27,"column":47},"end":{"line":27,"column":77}},"line":27},"6":{"name":"(anonymous_6)","decl":{"start":{"line":43,"column":24},"end":{"line":43,"column":25}},"loc":{"start":{"line":43,"column":34},"end":{"line":45,"column":1}},"line":43}},"branchMap":{"0":{"loc":{"start":{"line":31,"column":17},"end":{"line":31,"column":96}},"type":"binary-expr","locations":[{"start":{"line":31,"column":17},"end":{"line":31,"column":27}},{"start":{"line":31,"column":31},"end":{"line":31,"column":96}}],"line":31},"1":{"loc":{"start":{"line":32,"column":15},"end":{"line":32,"column":72}},"type":"binary-expr","locations":[{"start":{"line":32,"column":15},"end":{"line":32,"column":24}},{"start":{"line":32,"column":28},"end":{"line":32,"column":72}}],"line":32}},"s":{"0":0,"1":0,"2":0,"3":0,"4":0,"5":0,"6":0,"7":0,"8":0,"9":0,"10":1,"11":0},"f":{"0":0,"1":0,"2":0,"3":0,"4":0,"5":0,"6":0},"b":{"0":[0,0],"1":[0,0]},"_coverageSchema":"43e27e138ebf9cfc5966b082cf9a028302ed4184","hash":"9b5c2488786225abf519cb8950c894ac5e18d19b"}
,"/Users/mauriceokumu/Desktop/gameofcars/src/components/login.js": {"path":"/Users/mauriceokumu/Desktop/gameofcars/src/components/login.js","statementMap":{"0":{"start":{"line":10,"column":8},"end":{"line":10,"column":16}},"1":{"start":{"line":11,"column":8},"end":{"line":15,"column":9}},"2":{"start":{"line":16,"column":8},"end":{"line":16,"column":67}},"3":{"start":{"line":17,"column":8},"end":{"line":17,"column":57}},"4":{"start":{"line":21,"column":8},"end":{"line":23,"column":10}},"5":{"start":{"line":27,"column":8},"end":{"line":27,"column":27}},"6":{"start":{"line":28,"column":35},"end":{"line":28,"column":45}},"7":{"start":{"line":29,"column":21},"end":{"line":32,"column":9}},"8":{"start":{"line":33,"column":8},"end":{"line":33,"column":55}},"9":{"start":{"line":36,"column":8},"end":{"line":38,"column":9}},"10":{"start":{"line":37,"column":12},"end":{"line":37,"column":41}},"11":{"start":{"line":41,"column":8},"end":{"line":43,"column":9}},"12":{"start":{"line":42,"column":12},"end":{"line":42,"column":41}},"13":{"start":{"line":44,"column":8},"end":{"line":48,"column":9}},"14":{"start":{"line":45,"column":12},"end":{"line":47,"column":14}},"15":{"start":{"line":52,"column":27},"end":{"line":52,"column":37}},"16":{"start":{"line":53,"column":8},"end":{"line":53,"column":42}},"17":{"start":{"line":54,"column":8},"end":{"line":80,"column":9}},"18":{"start":{"line":84,"column":0},"end":{"line":88,"column":1}},"19":{"start":{"line":90,"column":24},"end":{"line":93,"column":2}},"20":{"start":{"line":90,"column":34},"end":{"line":93,"column":1}},"21":{"start":{"line":95,"column":27},"end":{"line":95,"column":80}},"22":{"start":{"line":95,"column":39},"end":{"line":95,"column":80}}},"fnMap":{"0":{"name":"(anonymous_0)","decl":{"start":{"line":9,"column":4},"end":{"line":9,"column":5}},"loc":{"start":{"line":9,"column":19},"end":{"line":18,"column":5}},"line":9},"1":{"name":"(anonymous_1)","decl":{"start":{"line":20,"column":4},"end":{"line":20,"column":5}},"loc":{"start":{"line":20,"column":25},"end":{"line":24,"column":5}},"line":20},"2":{"name":"(anonymous_2)","decl":{"start":{"line":26,"column":4},"end":{"line":26,"column":5}},"loc":{"start":{"line":26,"column":20},"end":{"line":34,"column":5}},"line":26},"3":{"name":"(anonymous_3)","decl":{"start":{"line":35,"column":4},"end":{"line":35,"column":5}},"loc":{"start":{"line":35,"column":24},"end":{"line":39,"column":5}},"line":35},"4":{"name":"(anonymous_4)","decl":{"start":{"line":40,"column":4},"end":{"line":40,"column":5}},"loc":{"start":{"line":40,"column":41},"end":{"line":49,"column":5}},"line":40},"5":{"name":"(anonymous_5)","decl":{"start":{"line":51,"column":4},"end":{"line":51,"column":5}},"loc":{"start":{"line":51,"column":13},"end":{"line":81,"column":5}},"line":51},"6":{"name":"(anonymous_6)","decl":{"start":{"line":90,"column":24},"end":{"line":90,"column":25}},"loc":{"start":{"line":90,"column":34},"end":{"line":93,"column":1}},"line":90},"7":{"name":"(anonymous_7)","decl":{"start":{"line":95,"column":27},"end":{"line":95,"column":28}},"loc":{"start":{"line":95,"column":39},"end":{"line":95,"column":80}},"line":95}},"branchMap":{"0":{"loc":{"start":{"line":36,"column":8},"end":{"line":38,"column":9}},"type":"if","locations":[{"start":{"line":36,"column":8},"end":{"line":38,"column":9}},{"start":{"line":36,"column":8},"end":{"line":38,"column":9}}],"line":36},"1":{"loc":{"start":{"line":41,"column":8},"end":{"line":43,"column":9}},"type":"if","locations":[{"start":{"line":41,"column":8},"end":{"line":43,"column":9}},{"start":{"line":41,"column":8},"end":{"line":43,"column":9}}],"line":41},"2":{"loc":{"start":{"line":44,"column":8},"end":{"line":48,"column":9}},"type":"if","locations":[{"start":{"line":44,"column":8},"end":{"line":48,"column":9}},{"start":{"line":44,"column":8},"end":{"line":48,"column":9}}],"line":44},"3":{"loc":{"start":{"line":64,"column":26},"end":{"line":64,"column":99}},"type":"binary-expr","locations":[{"start":{"line":64,"column":26},"end":{"line":64,"column":38}},{"start":{"line":64,"column":43},"end":{"line":64,"column":98}}],"line":64},"4":{"loc":{"start":{"line":73,"column":26},"end":{"line":73,"column":105}},"type":"binary-expr","locations":[{"start":{"line":73,"column":26},"end":{"line":73,"column":41}},{"start":{"line":73,"column":46},"end":{"line":73,"column":104}}],"line":73}},"s":{"0":0,"1":0,"2":0,"3":0,"4":0,"5":0,"6":0,"7":0,"8":0,"9":0,"10":0,"11":0,"12":0,"13":0,"14":0,"15":0,"16":0,"17":0,"18":1,"19":1,"20":0,"21":1,"22":0},"f":{"0":0,"1":0,"2":0,"3":0,"4":0,"5":0,"6":0,"7":0},"b":{"0":[0,0],"1":[0,0],"2":[0,0],"3":[0,0],"4":[0,0]},"_coverageSchema":"43e27e138ebf9cfc5966b082cf9a028302ed4184","hash":"97137884d4dd0c284e54ddeadea14d4abfb9a740"}
,"/Users/mauriceokumu/Desktop/gameofcars/src/components/register.js": {"path":"/Users/mauriceokumu/Desktop/gameofcars/src/components/register.js","statementMap":{"0":{"start":{"line":11,"column":8},"end":{"line":11,"column":16}},"1":{"start":{"line":12,"column":8},"end":{"line":17,"column":9}},"2":{"start":{"line":18,"column":8},"end":{"line":18,"column":67}},"3":{"start":{"line":19,"column":8},"end":{"line":19,"column":57}},"4":{"start":{"line":23,"column":8},"end":{"line":25,"column":10}},"5":{"start":{"line":29,"column":8},"end":{"line":29,"column":27}},"6":{"start":{"line":30,"column":41},"end":{"line":30,"column":51}},"7":{"start":{"line":31,"column":21},"end":{"line":35,"column":9}},"8":{"start":{"line":36,"column":8},"end":{"line":36,"column":58}},"9":{"start":{"line":39,"column":8},"end":{"line":41,"column":9}},"10":{"start":{"line":40,"column":12},"end":{"line":40,"column":40}},"11":{"start":{"line":42,"column":8},"end":{"line":46,"column":9}},"12":{"start":{"line":43,"column":12},"end":{"line":45,"column":14}},"13":{"start":{"line":49,"column":8},"end":{"line":51,"column":9}},"14":{"start":{"line":50,"column":12},"end":{"line":50,"column":40}},"15":{"start":{"line":55,"column":27},"end":{"line":55,"column":37}},"16":{"start":{"line":56,"column":8},"end":{"line":91,"column":9}},"17":{"start":{"line":95,"column":0},"end":{"line":97,"column":1}},"18":{"start":{"line":99,"column":24},"end":{"line":102,"column":2}},"19":{"start":{"line":99,"column":34},"end":{"line":102,"column":1}},"20":{"start":{"line":104,"column":27},"end":{"line":104,"column":83}},"21":{"start":{"line":104,"column":39},"end":{"line":104,"column":83}}},"fnMap":{"0":{"name":"(anonymous_0)","decl":{"start":{"line":10,"column":4},"end":{"line":10,"column":5}},"loc":{"start":{"line":10,"column":19},"end":{"line":20,"column":5}},"line":10},"1":{"name":"(anonymous_1)","decl":{"start":{"line":22,"column":4},"end":{"line":22,"column":5}},"loc":{"start":{"line":22,"column":25},"end":{"line":26,"column":5}},"line":22},"2":{"name":"(anonymous_2)","decl":{"start":{"line":28,"column":4},"end":{"line":28,"column":5}},"loc":{"start":{"line":28,"column":20},"end":{"line":37,"column":5}},"line":28},"3":{"name":"(anonymous_3)","decl":{"start":{"line":38,"column":4},"end":{"line":38,"column":5}},"loc":{"start":{"line":38,"column":41},"end":{"line":47,"column":5}},"line":38},"4":{"name":"(anonymous_4)","decl":{"start":{"line":48,"column":4},"end":{"line":48,"column":5}},"loc":{"start":{"line":48,"column":24},"end":{"line":52,"column":5}},"line":48},"5":{"name":"(anonymous_5)","decl":{"start":{"line":54,"column":4},"end":{"line":54,"column":5}},"loc":{"start":{"line":54,"column":13},"end":{"line":92,"column":5}},"line":54},"6":{"name":"(anonymous_6)","decl":{"start":{"line":99,"column":24},"end":{"line":99,"column":25}},"loc":{"start":{"line":99,"column":34},"end":{"line":102,"column":1}},"line":99},"7":{"name":"(anonymous_7)","decl":{"start":{"line":104,"column":27},"end":{"line":104,"column":28}},"loc":{"start":{"line":104,"column":39},"end":{"line":104,"column":83}},"line":104}},"branchMap":{"0":{"loc":{"start":{"line":39,"column":8},"end":{"line":41,"column":9}},"type":"if","locations":[{"start":{"line":39,"column":8},"end":{"line":41,"column":9}},{"start":{"line":39,"column":8},"end":{"line":41,"column":9}}],"line":39},"1":{"loc":{"start":{"line":42,"column":8},"end":{"line":46,"column":9}},"type":"if","locations":[{"start":{"line":42,"column":8},"end":{"line":46,"column":9}},{"start":{"line":42,"column":8},"end":{"line":46,"column":9}}],"line":42},"2":{"loc":{"start":{"line":49,"column":8},"end":{"line":51,"column":9}},"type":"if","locations":[{"start":{"line":49,"column":8},"end":{"line":51,"column":9}},{"start":{"line":49,"column":8},"end":{"line":51,"column":9}}],"line":49},"3":{"loc":{"start":{"line":66,"column":26},"end":{"line":66,"column":97}},"type":"binary-expr","locations":[{"start":{"line":66,"column":26},"end":{"line":66,"column":37}},{"start":{"line":66,"column":42},"end":{"line":66,"column":96}}],"line":66},"4":{"loc":{"start":{"line":75,"column":26},"end":{"line":75,"column":99}},"type":"binary-expr","locations":[{"start":{"line":75,"column":26},"end":{"line":75,"column":38}},{"start":{"line":75,"column":43},"end":{"line":75,"column":98}}],"line":75},"5":{"loc":{"start":{"line":84,"column":26},"end":{"line":84,"column":105}},"type":"binary-expr","locations":[{"start":{"line":84,"column":26},"end":{"line":84,"column":41}},{"start":{"line":84,"column":46},"end":{"line":84,"column":104}}],"line":84}},"s":{"0":0,"1":0,"2":0,"3":0,"4":0,"5":0,"6":0,"7":0,"8":0,"9":0,"10":0,"11":0,"12":0,"13":0,"14":0,"15":0,"16":0,"17":1,"18":1,"19":0,"20":1,"21":0},"f":{"0":0,"1":0,"2":0,"3":0,"4":0,"5":0,"6":0,"7":0},"b":{"0":[0,0],"1":[0,0],"2":[0,0],"3":[0,0],"4":[0,0],"5":[0,0]},"_coverageSchema":"43e27e138ebf9cfc5966b082cf9a028302ed4184","hash":"761f9e671c8e695028983ca01df760613fec4501"}
,"/Users/mauriceokumu/Desktop/gameofcars/src/constants/action-types.js": {"path":"/Users/mauriceokumu/Desktop/gameofcars/src/constants/action-types.js","statementMap":{"0":{"start":{"line":1,"column":27},"end":{"line":1,"column":40}},"1":{"start":{"line":2,"column":32},"end":{"line":2,"column":50}},"2":{"start":{"line":3,"column":26},"end":{"line":3,"column":38}}},"fnMap":{},"branchMap":{},"s":{"0":4,"1":4,"2":4},"f":{},"b":{},"_coverageSchema":"43e27e138ebf9cfc5966b082cf9a028302ed4184","hash":"c61176af00d088f62e60a22dde2c32c1ff691283"}
,"/Users/mauriceokumu/Desktop/gameofcars/src/reducers/authReducer.js": {"path":"/Users/mauriceokumu/Desktop/gameofcars/src/reducers/authReducer.js","statementMap":{"0":{"start":{"line":4,"column":21},"end":{"line":7,"column":1}},"1":{"start":{"line":9,"column":20},"end":{"line":20,"column":1}},"2":{"start":{"line":10,"column":4},"end":{"line":19,"column":5}},"3":{"start":{"line":12,"column":10},"end":{"line":16,"column":11}},"4":{"start":{"line":18,"column":10},"end":{"line":18,"column":23}}},"fnMap":{"0":{"name":"(anonymous_0)","decl":{"start":{"line":9,"column":20},"end":{"line":9,"column":21}},"loc":{"start":{"line":9,"column":54},"end":{"line":20,"column":1}},"line":9}},"branchMap":{"0":{"loc":{"start":{"line":9,"column":21},"end":{"line":9,"column":41}},"type":"default-arg","locations":[{"start":{"line":9,"column":29},"end":{"line":9,"column":41}}],"line":9},"1":{"loc":{"start":{"line":10,"column":4},"end":{"line":19,"column":5}},"type":"switch","locations":[{"start":{"line":11,"column":8},"end":{"line":16,"column":11}},{"start":{"line":17,"column":8},"end":{"line":18,"column":23}}],"line":10}},"s":{"0":1,"1":1,"2":2,"3":1,"4":1},"f":{"0":2},"b":{"0":[0],"1":[1,1]},"_coverageSchema":"43e27e138ebf9cfc5966b082cf9a028302ed4184","hash":"4b4d815003e6c1ea20687122087dc4dd03f2e4c0"}
,"/Users/mauriceokumu/Desktop/gameofcars/src/reducers/errorReducer.js": {"path":"/Users/mauriceokumu/Desktop/gameofcars/src/reducers/errorReducer.js","statementMap":{"0":{"start":{"line":3,"column":21},"end":{"line":3,"column":23}},"1":{"start":{"line":5,"column":21},"end":{"line":12,"column":1}},"2":{"start":{"line":6,"column":4},"end":{"line":11,"column":5}},"3":{"start":{"line":8,"column":8},"end":{"line":8,"column":30}},"4":{"start":{"line":10,"column":8},"end":{"line":10,"column":21}}},"fnMap":{"0":{"name":"(anonymous_0)","decl":{"start":{"line":5,"column":21},"end":{"line":5,"column":22}},"loc":{"start":{"line":5,"column":55},"end":{"line":12,"column":1}},"line":5}},"branchMap":{"0":{"loc":{"start":{"line":5,"column":22},"end":{"line":5,"column":42}},"type":"default-arg","locations":[{"start":{"line":5,"column":30},"end":{"line":5,"column":42}}],"line":5},"1":{"loc":{"start":{"line":6,"column":4},"end":{"line":11,"column":5}},"type":"switch","locations":[{"start":{"line":7,"column":8},"end":{"line":8,"column":30}},{"start":{"line":9,"column":8},"end":{"line":10,"column":21}}],"line":6}},"s":{"0":1,"1":1,"2":2,"3":1,"4":1},"f":{"0":2},"b":{"0":[0],"1":[1,1]},"_coverageSchema":"43e27e138ebf9cfc5966b082cf9a028302ed4184","hash":"0f0039d2a332828b9289c2f70e4c2065285b0781"}
,"/Users/mauriceokumu/Desktop/gameofcars/src/specs/enzyme.config.js": {"path":"/Users/mauriceokumu/Desktop/gameofcars/src/specs/enzyme.config.js","statementMap":{"0":{"start":{"line":4,"column":0},"end":{"line":4,"column":37}}},"fnMap":{},"branchMap":{},"s":{"0":8},"f":{},"b":{},"_coverageSchema":"43e27e138ebf9cfc5966b082cf9a028302ed4184","hash":"e7e77e356c1d554ca68ac91f398d8f2ee0b7b45f"}
}
